TN:
SF:src/index.ts
FN:40,(anonymous_1)
FN:55,(anonymous_2)
FNF:2
FNH:0
FNDA:0,(anonymous_1)
FNDA:0,(anonymous_2)
DA:1,0
DA:2,0
DA:3,0
DA:4,0
DA:6,0
DA:7,0
DA:8,0
DA:9,0
DA:10,0
DA:11,0
DA:12,0
DA:13,0
DA:15,0
DA:18,0
DA:21,0
DA:22,0
DA:26,0
DA:27,0
DA:28,0
DA:31,0
DA:34,0
DA:35,0
DA:36,0
DA:37,0
DA:40,0
DA:41,0
DA:51,0
DA:54,0
DA:55,0
DA:56,0
DA:57,0
DA:60,0
LF:32
LH:0
BRF:0
BRH:0
end_of_record
TN:
SF:src/config/config.ts
FNF:0
FNH:0
DA:1,0
DA:3,0
DA:5,0
LF:3
LH:0
BRDA:6,0,0,0
BRDA:6,0,1,0
BRDA:7,1,0,0
BRDA:7,1,1,0
BRDA:8,2,0,0
BRDA:8,2,1,0
BRDA:9,3,0,0
BRDA:9,3,1,0
BRDA:10,4,0,0
BRDA:10,4,1,0
BRDA:11,5,0,0
BRDA:11,5,1,0
BRDA:12,6,0,0
BRDA:12,6,1,0
BRDA:13,7,0,0
BRDA:13,7,1,0
BRDA:14,8,0,0
BRDA:14,8,1,0
BRDA:15,9,0,0
BRDA:15,9,1,0
BRF:20
BRH:0
end_of_record
TN:
SF:src/config/database.ts
FN:4,(anonymous_1)
FN:14,(anonymous_2)
FN:18,(anonymous_3)
FNF:3
FNH:0
FNDA:0,(anonymous_1)
FNDA:0,(anonymous_2)
FNDA:0,(anonymous_3)
DA:1,0
DA:2,0
DA:4,0
DA:5,0
DA:6,0
DA:7,0
DA:9,0
DA:10,0
DA:14,0
DA:15,0
DA:18,0
DA:19,0
LF:12
LH:0
BRF:0
BRH:0
end_of_record
TN:
SF:src/controllers/activity.controller.ts
FN:11,(anonymous_0)
FN:26,(anonymous_1)
FN:37,(anonymous_2)
FN:64,(anonymous_3)
FN:114,(anonymous_4)
FNF:5
FNH:0
FNDA:0,(anonymous_0)
FNDA:0,(anonymous_1)
FNDA:0,(anonymous_2)
FNDA:0,(anonymous_3)
FNDA:0,(anonymous_4)
DA:2,0
DA:3,0
DA:4,0
DA:11,0
DA:12,0
DA:13,0
DA:14,0
DA:21,0
DA:25,0
DA:26,0
DA:29,0
DA:34,0
DA:37,0
DA:49,0
DA:50,0
DA:64,0
DA:65,0
DA:66,0
DA:67,0
DA:68,0
DA:75,0
DA:78,0
DA:79,0
DA:86,0
DA:90,0
DA:95,0
DA:96,0
DA:103,0
DA:107,0
DA:111,0
DA:114,0
DA:125,0
DA:126,0
LF:33
LH:0
BRDA:13,0,0,0
BRDA:13,0,1,0
BRDA:40,1,0,0
BRDA:40,1,1,0
BRDA:67,2,0,0
BRDA:67,2,1,0
BRDA:78,3,0,0
BRDA:78,3,1,0
BRDA:95,4,0,0
BRDA:95,4,1,0
BRF:10
BRH:0
end_of_record
TN:
SF:src/controllers/admin.controller.ts
FN:13,(anonymous_1)
FN:68,(anonymous_2)
FN:77,(anonymous_3)
FN:102,(anonymous_4)
FN:111,(anonymous_5)
FN:144,(anonymous_6)
FN:154,(anonymous_7)
FN:182,(anonymous_8)
FN:242,(anonymous_9)
FNF:9
FNH:0
FNDA:0,(anonymous_1)
FNDA:0,(anonymous_2)
FNDA:0,(anonymous_3)
FNDA:0,(anonymous_4)
FNDA:0,(anonymous_5)
FNDA:0,(anonymous_6)
FNDA:0,(anonymous_7)
FNDA:0,(anonymous_8)
FNDA:0,(anonymous_9)
DA:2,0
DA:3,0
DA:4,0
DA:5,0
DA:6,0
DA:13,0
DA:14,0
DA:15,0
DA:16,0
DA:18,0
DA:19,0
DA:24,0
DA:31,0
DA:35,0
DA:39,0
DA:53,0
DA:54,0
DA:68,0
DA:69,0
DA:70,0
DA:74,0
DA:77,0
DA:87,0
DA:88,0
DA:102,0
DA:103,0
DA:104,0
DA:108,0
DA:111,0
DA:129,0
DA:130,0
DA:144,0
DA:145,0
DA:146,0
DA:151,0
DA:154,0
DA:167,0
DA:168,0
DA:182,0
DA:183,0
DA:184,0
DA:185,0
DA:186,0
DA:193,0
DA:196,0
DA:198,0
DA:199,0
DA:206,0
DA:210,0
DA:211,0
DA:215,0
DA:218,0
DA:220,0
DA:227,0
DA:228,0
DA:242,0
DA:243,0
DA:244,0
DA:245,0
DA:246,0
DA:254,0
DA:257,0
DA:258,0
DA:260,0
DA:261,0
DA:268,0
DA:271,0
DA:272,0
DA:274,0
DA:286,0
DA:287,0
LF:71
LH:0
BRDA:157,0,0,0
BRDA:157,0,1,0
BRDA:185,1,0,0
BRDA:185,1,1,0
BRDA:198,2,0,0
BRDA:198,2,1,0
BRDA:210,3,0,0
BRDA:210,3,1,0
BRDA:245,4,0,0
BRDA:245,4,1,0
BRDA:260,5,0,0
BRDA:260,5,1,0
BRF:12
BRH:0
end_of_record
TN:
SF:src/controllers/auth.controller.ts
FN:10,(anonymous_0)
FN:83,(anonymous_1)
FN:159,(anonymous_2)
FN:235,(anonymous_3)
FN:287,(anonymous_4)
FN:327,(anonymous_5)
FNF:6
FNH:0
FNDA:0,(anonymous_0)
FNDA:0,(anonymous_1)
FNDA:0,(anonymous_2)
FNDA:0,(anonymous_3)
FNDA:0,(anonymous_4)
FNDA:0,(anonymous_5)
DA:2,0
DA:3,0
DA:4,0
DA:10,0
DA:11,0
DA:12,0
DA:13,0
DA:14,0
DA:22,0
DA:25,0
DA:28,0
DA:29,0
DA:30,0
DA:37,0
DA:41,0
DA:48,0
DA:51,0
DA:52,0
DA:54,0
DA:68,0
DA:69,0
DA:83,0
DA:84,0
DA:85,0
DA:86,0
DA:87,0
DA:95,0
DA:98,0
DA:101,0
DA:102,0
DA:103,0
DA:110,0
DA:114,0
DA:115,0
DA:116,0
DA:123,0
DA:127,0
DA:128,0
DA:130,0
DA:144,0
DA:145,0
DA:159,0
DA:160,0
DA:161,0
DA:162,0
DA:163,0
DA:171,0
DA:174,0
DA:177,0
DA:178,0
DA:179,0
DA:186,0
DA:190,0
DA:191,0
DA:192,0
DA:199,0
DA:203,0
DA:204,0
DA:206,0
DA:220,0
DA:221,0
DA:235,0
DA:236,0
DA:237,0
DA:239,0
DA:240,0
DA:247,0
DA:250,0
DA:251,0
DA:252,0
DA:259,0
DA:263,0
DA:265,0
DA:272,0
DA:273,0
DA:287,0
DA:288,0
DA:289,0
DA:290,0
DA:297,0
DA:300,0
DA:312,0
DA:313,0
DA:327,0
DA:331,0
LF:85
LH:0
BRDA:13,0,0,0
BRDA:13,0,1,0
BRDA:29,1,0,0
BRDA:29,1,1,0
BRDA:86,2,0,0
BRDA:86,2,1,0
BRDA:102,3,0,0
BRDA:102,3,1,0
BRDA:115,4,0,0
BRDA:115,4,1,0
BRDA:162,5,0,0
BRDA:162,5,1,0
BRDA:178,6,0,0
BRDA:178,6,1,0
BRDA:178,7,0,0
BRDA:178,7,1,0
BRDA:191,8,0,0
BRDA:191,8,1,0
BRDA:239,9,0,0
BRDA:239,9,1,0
BRDA:251,10,0,0
BRDA:251,10,1,0
BRDA:289,11,0,0
BRDA:289,11,1,0
BRF:24
BRH:0
end_of_record
TN:
SF:src/controllers/file.controller.ts
FN:16,(anonymous_1)
FN:126,(anonymous_2)
FN:146,(anonymous_3)
FN:179,(anonymous_4)
FN:256,(anonymous_5)
FN:379,(anonymous_6)
FN:491,(anonymous_7)
FN:576,(anonymous_8)
FN:655,(anonymous_9)
FNF:9
FNH:0
FNDA:0,(anonymous_1)
FNDA:0,(anonymous_2)
FNDA:0,(anonymous_3)
FNDA:0,(anonymous_4)
FNDA:0,(anonymous_5)
FNDA:0,(anonymous_6)
FNDA:0,(anonymous_7)
FNDA:0,(anonymous_8)
FNDA:0,(anonymous_9)
DA:2,0
DA:3,0
DA:5,0
DA:6,0
DA:9,0
DA:16,0
DA:17,0
DA:18,0
DA:19,0
DA:20,0
DA:28,0
DA:31,0
DA:32,0
DA:39,0
DA:42,0
DA:43,0
DA:50,0
DA:53,0
DA:56,0
DA:59,0
DA:62,0
DA:75,0
DA:78,0
DA:88,0
DA:90,0
DA:111,0
DA:112,0
DA:126,0
DA:127,0
DA:128,0
DA:129,0
DA:136,0
DA:139,0
DA:143,0
DA:146,0
DA:164,0
DA:165,0
DA:179,0
DA:180,0
DA:181,0
DA:182,0
DA:183,0
DA:190,0
DA:193,0
DA:194,0
DA:201,0
DA:204,0
DA:209,0
DA:210,0
DA:217,0
DA:220,0
DA:241,0
DA:242,0
DA:256,0
DA:257,0
DA:258,0
DA:260,0
DA:262,0
DA:263,0
DA:270,0
DA:274,0
DA:275,0
DA:284,0
DA:291,0
DA:295,0
DA:296,0
DA:305,0
DA:312,0
DA:316,0
DA:317,0
DA:326,0
DA:333,0
DA:337,0
DA:346,0
DA:364,0
DA:365,0
DA:379,0
DA:380,0
DA:381,0
DA:383,0
DA:385,0
DA:386,0
DA:393,0
DA:397,0
DA:398,0
DA:407,0
DA:414,0
DA:418,0
DA:419,0
DA:428,0
DA:435,0
DA:439,0
DA:440,0
DA:449,0
DA:456,0
DA:460,0
DA:461,0
DA:464,0
DA:474,0
DA:476,0
DA:477,0
DA:491,0
DA:492,0
DA:493,0
DA:494,0
DA:495,0
DA:502,0
DA:505,0
DA:506,0
DA:513,0
DA:516,0
DA:521,0
DA:522,0
DA:529,0
DA:533,0
DA:534,0
DA:535,0
DA:536,0
DA:537,0
DA:540,0
DA:549,0
DA:561,0
DA:562,0
DA:576,0
DA:577,0
DA:578,0
DA:579,0
DA:580,0
DA:587,0
DA:590,0
DA:591,0
DA:598,0
DA:601,0
DA:606,0
DA:607,0
DA:614,0
DA:617,0
DA:618,0
DA:621,0
DA:630,0
DA:640,0
DA:641,0
DA:655,0
DA:656,0
DA:657,0
DA:658,0
DA:659,0
DA:666,0
DA:669,0
DA:670,0
DA:677,0
DA:680,0
DA:685,0
DA:686,0
DA:693,0
DA:697,0
DA:698,0
DA:702,0
DA:705,0
DA:707,0
DA:714,0
DA:715,0
LF:162
LH:0
BRDA:19,0,0,0
BRDA:19,0,1,0
BRDA:31,1,0,0
BRDA:31,1,1,0
BRDA:42,2,0,0
BRDA:42,2,1,0
BRDA:53,3,0,0
BRDA:53,4,0,0
BRDA:53,5,0,0
BRDA:128,6,0,0
BRDA:128,6,1,0
BRDA:182,7,0,0
BRDA:182,7,1,0
BRDA:193,8,0,0
BRDA:193,8,1,0
BRDA:209,9,0,0
BRDA:209,9,1,0
BRDA:262,10,0,0
BRDA:262,10,1,0
BRDA:274,11,0,0
BRDA:274,11,1,0
BRDA:295,12,0,0
BRDA:295,12,1,0
BRDA:316,13,0,0
BRDA:316,13,1,0
BRDA:316,14,0,0
BRDA:316,14,1,0
BRDA:385,15,0,0
BRDA:385,15,1,0
BRDA:397,16,0,0
BRDA:397,16,1,0
BRDA:418,17,0,0
BRDA:418,17,1,0
BRDA:439,18,0,0
BRDA:439,18,1,0
BRDA:439,19,0,0
BRDA:439,19,1,0
BRDA:494,20,0,0
BRDA:494,20,1,0
BRDA:505,21,0,0
BRDA:505,21,1,0
BRDA:521,22,0,0
BRDA:521,22,1,0
BRDA:579,23,0,0
BRDA:579,23,1,0
BRDA:590,24,0,0
BRDA:590,24,1,0
BRDA:606,25,0,0
BRDA:606,25,1,0
BRDA:658,26,0,0
BRDA:658,26,1,0
BRDA:669,27,0,0
BRDA:669,27,1,0
BRDA:685,28,0,0
BRDA:685,28,1,0
BRDA:697,29,0,0
BRDA:697,29,1,0
BRF:57
BRH:0
end_of_record
TN:
SF:src/middleware/auth.ts
FN:13,(anonymous_1)
FN:58,(anonymous_2)
FN:87,(anonymous_3)
FN:94,(anonymous_4)
FN:101,(anonymous_5)
FNF:5
FNH:0
FNDA:0,(anonymous_1)
FNDA:0,(anonymous_2)
FNDA:0,(anonymous_3)
FNDA:0,(anonymous_4)
FNDA:0,(anonymous_5)
DA:2,0
DA:3,0
DA:4,0
DA:13,0
DA:14,0
DA:15,0
DA:17,0
DA:18,0
DA:25,0
DA:28,0
DA:29,0
DA:31,0
DA:32,0
DA:39,0
DA:42,0
DA:43,0
DA:45,0
DA:58,0
DA:59,0
DA:60,0
DA:67,0
DA:70,0
DA:71,0
DA:78,0
DA:81,0
DA:87,0
DA:88,0
DA:94,0
DA:95,0
DA:101,0
DA:102,0
DA:103,0
DA:105,0
LF:33
LH:0
BRDA:17,0,0,0
BRDA:17,0,1,0
BRDA:31,1,0,0
BRDA:31,1,1,0
BRDA:59,2,0,0
BRDA:59,2,1,0
BRDA:70,3,0,0
BRDA:70,3,1,0
BRF:8
BRH:0
end_of_record
TN:
SF:src/middleware/errorHandler.ts
FN:7,(anonymous_0)
FNF:1
FNH:0
FNDA:0,(anonymous_0)
DA:7,0
DA:8,0
DA:11,0
DA:12,0
DA:19,0
DA:23,0
DA:24,0
DA:31,0
DA:35,0
DA:36,0
DA:43,0
DA:47,0
DA:48,0
DA:55,0
DA:58,0
DA:59,0
DA:66,0
DA:70,0
LF:18
LH:0
BRDA:11,0,0,0
BRDA:11,0,1,0
BRDA:23,1,0,0
BRDA:23,1,1,0
BRDA:35,2,0,0
BRDA:35,2,1,0
BRDA:47,3,0,0
BRDA:47,3,1,0
BRDA:58,4,0,0
BRDA:58,4,1,0
BRDA:70,5,0,0
BRDA:70,5,1,0
BRDA:73,6,0,0
BRDA:73,6,1,0
BRDA:74,7,0,0
BRDA:74,7,1,0
BRF:16
BRH:0
end_of_record
TN:
SF:src/middleware/rateLimiter.ts
FNF:0
FNH:0
DA:1,0
DA:4,0
DA:13,0
DA:23,0
DA:32,0
LF:5
LH:0
BRF:0
BRH:0
end_of_record
TN:
SF:src/middleware/upload.ts
FN:14,(anonymous_1)
FN:17,(anonymous_2)
FN:24,(anonymous_3)
FNF:3
FNH:0
FNDA:0,(anonymous_1)
FNDA:0,(anonymous_2)
FNDA:0,(anonymous_3)
DA:1,0
DA:3,0
DA:4,0
DA:5,0
DA:8,0
DA:9,0
DA:13,0
DA:15,0
DA:18,0
DA:19,0
DA:24,0
DA:26,0
DA:44,0
DA:45,0
DA:47,0
DA:52,0
LF:16
LH:0
BRDA:8,0,0,0
BRDA:8,0,1,0
BRDA:44,1,0,0
BRDA:44,1,1,0
BRF:4
BRH:0
end_of_record
TN:
SF:src/models/Activity.ts
FNF:0
FNH:0
DA:1,0
DA:13,0
DA:45,0
LF:3
LH:0
BRF:0
BRH:0
end_of_record
TN:
SF:src/models/File.ts
FNF:0
FNH:0
DA:1,0
DA:19,0
DA:79,0
LF:3
LH:0
BRF:0
BRH:0
end_of_record
TN:
SF:src/models/User.ts
FN:43,(anonymous_10)
FN:52,(anonymous_11)
FNF:2
FNH:0
FNDA:0,(anonymous_10)
FNDA:0,(anonymous_11)
DA:1,0
DA:2,0
DA:13,0
DA:43,0
DA:44,0
DA:46,0
DA:47,0
DA:48,0
DA:52,0
DA:53,0
DA:56,0
LF:11
LH:0
BRDA:44,0,0,0
BRDA:44,0,1,0
BRF:2
BRH:0
end_of_record
TN:
SF:src/routes/activity.routes.ts
FNF:0
FNH:0
DA:1,0
DA:2,0
DA:3,0
DA:4,0
DA:6,0
DA:8,0
DA:9,0
DA:11,0
LF:8
LH:0
BRF:0
BRH:0
end_of_record
TN:
SF:src/routes/admin.routes.ts
FNF:0
FNH:0
DA:1,0
DA:2,0
DA:10,0
DA:11,0
DA:12,0
DA:14,0
DA:17,0
DA:19,0
DA:20,0
DA:21,0
DA:22,0
DA:23,0
DA:24,0
DA:26,0
LF:14
LH:0
BRF:0
BRH:0
end_of_record
TN:
SF:src/routes/auth.routes.ts
FNF:0
FNH:0
DA:1,0
DA:2,0
DA:3,0
DA:4,0
DA:5,0
DA:7,0
DA:9,0
DA:10,0
DA:11,0
DA:12,0
DA:13,0
DA:14,0
DA:16,0
LF:13
LH:0
BRF:0
BRH:0
end_of_record
TN:
SF:src/routes/file.routes.ts
FNF:0
FNH:0
DA:1,0
DA:2,0
DA:12,0
DA:13,0
DA:14,0
DA:15,0
DA:17,0
DA:19,0
DA:20,0
DA:21,0
DA:22,0
DA:23,0
DA:24,0
DA:25,0
DA:26,0
DA:28,0
LF:16
LH:0
BRF:0
BRH:0
end_of_record
TN:
SF:src/utils/tokenGenerator.ts
FN:6,generateAccessToken
FN:13,generateUniqueFilename
FNF:2
FNH:0
FNDA:0,generateAccessToken
FNDA:0,generateUniqueFilename
DA:1,0
DA:6,0
DA:7,0
DA:13,0
DA:14,0
DA:15,0
DA:16,0
LF:7
LH:0
BRF:0
BRH:0
end_of_record
TN:
SF:src/utils/validators.ts
FNF:0
FNH:0
DA:1,0
DA:3,0
DA:9,0
DA:14,0
DA:20,0
DA:24,0
DA:28,0
DA:32,0
LF:8
LH:0
BRF:0
BRH:0
end_of_record
